# Errors and warnings are written as a tab separated columns, with the first column showing the error or warning, and the second column contains the location of the error or warning, written as row,column, where 0,0 is the top left header item (SampleID).  Problems not specific to a particular data cell will be listed as having 'no location'.
Errors -----------------------------
Non standard NA format N/A	4,7
Non standard NA format N/A	5,7
Non standard NA format N/A	6,7
Non standard NA format N/A	7,7
Non standard NA format N.A.	2,8
Non standard NA format N.A.	4,8
Non standard NA format N.A.	6,8
Non standard NA format N.A.	7,8
Non standard NA format na	10,8
Non standard NA format na	11,8
Non standard NA format n/a	13,8
Non standard NA format n/a	14,8
Non standard NA format n.a.	15,8
Non standard NA format n.a.	16,8
Warnings ---------------------------
Found invalid character in Center project name header field.	0,5
Found invalid character in run_\date header field.	0,10
Found invalid character in abx1_/pmp_all_bymonth header field.	0,11
Found invalid character in 199.9 header field.	0,14
Invalid characters found in 8/15/13	1,6
Invalid characters found in 8/15/13	2,6
Invalid characters found in 8/15/13	3,6
Invalid characters found in 8/15/13	4,6
Invalid characters found in 8/15/13	5,6
Invalid characters found in 8/15/13	6,6
Invalid characters found in 8/15/13	7,6
Invalid characters found in 8/15/13	8,6
Invalid characters found in 8/15/13	9,6
Invalid characters found in 8/15/13	10,6
Invalid characters found in 8/15/13	11,6
Invalid characters found in 8/15/13	12,6
Invalid characters found in 8/15/13	13,6
Invalid characters found in 8/15/13	14,6
Invalid characters found in 8/15/13	15,6
Invalid characters found in 8/15/13	16,6
Invalid characters found in 8/15/13	17,6
Invalid characters found in 8/15/13	18,6
Invalid characters found in 8/15/13	19,6
Invalid characters found in N/A	4,7
Invalid characters found in N/A	5,7
Invalid characters found in N/A	6,7
Invalid characters found in N/A	7,7
Invalid characters found in n/a	13,8
Invalid characters found in n/a	14,8
Invalid characters found in 8/15/13	1,10
Invalid characters found in 8/15/13	2,10
Invalid characters found in 8/15/13	3,10
Invalid characters found in 8/15/13	4,10
Invalid characters found in 8/15/13	5,10
Invalid characters found in 8/15/13	6,10
Invalid characters found in 8/15/13	7,10
Invalid characters found in 8/15/13	8,10
Invalid characters found in 8/15/13	9,10
Invalid characters found in 8/15/13	10,10
Invalid characters found in 8/15/13	11,10
Invalid characters found in 8/15/13	12,10
Invalid characters found in 8/15/13	13,10
Invalid characters found in 8/15/13	14,10
Invalid characters found in 8/15/13	15,10
Invalid characters found in 8/15/13	16,10
Invalid characters found in 8/15/13	17,10
Invalid characters found in 8/15/13	18,10
Invalid characters found in 8/15/13	19,10
Empty data field  found	5,8
