[26/Nov/2017:10:12:29] ENGINE Listening for SIGTERM.
[26/Nov/2017:10:12:29] ENGINE Listening for SIGHUP.
[26/Nov/2017:10:12:29] ENGINE Listening for SIGUSR1.
[26/Nov/2017:10:12:29] ENGINE Bus STARTING
[26/Nov/2017:10:12:29] ENGINE Started monitor thread 'Autoreloader'.
[26/Nov/2017:10:12:29] ENGINE Serving on http://0.0.0.0:8080
[26/Nov/2017:10:12:29] ENGINE Bus STARTED
[26/Nov/2017:10:12:31] ENGINE Restarting because /home/david/Work/mmeds-meta/server/upload.py changed.
[26/Nov/2017:10:12:31] ENGINE Stopped thread 'Autoreloader'.
[26/Nov/2017:10:12:31] ENGINE Bus STOPPING
[26/Nov/2017:10:12:31] ENGINE HTTP Server cherrypy._cpwsgi_server.CPWSGIServer(('0.0.0.0', 8080)) shut down
[26/Nov/2017:10:12:31] ENGINE Bus STOPPED
[26/Nov/2017:10:12:31] ENGINE Bus EXITING
[26/Nov/2017:10:12:31] ENGINE Bus EXITED
[26/Nov/2017:10:12:31] ENGINE Waiting for child threads to terminate...
[26/Nov/2017:10:12:31] ENGINE Re-spawning python upload.py
[26/Nov/2017:10:12:31] ENGINE Listening for SIGTERM.
[26/Nov/2017:10:12:31] ENGINE Listening for SIGHUP.
[26/Nov/2017:10:12:31] ENGINE Listening for SIGUSR1.
[26/Nov/2017:10:12:31] ENGINE Bus STARTING
[26/Nov/2017:10:12:31] ENGINE Started monitor thread 'Autoreloader'.
[26/Nov/2017:10:12:31] ENGINE Serving on http://0.0.0.0:8080
[26/Nov/2017:10:12:31] ENGINE Bus STARTED
[26/Nov/2017:10:13:09] ENGINE Restarting because /home/david/Work/mmeds-meta/server/upload.py changed.
[26/Nov/2017:10:13:09] ENGINE Stopped thread 'Autoreloader'.
[26/Nov/2017:10:13:09] ENGINE Bus STOPPING
[26/Nov/2017:10:13:09] ENGINE HTTP Server cherrypy._cpwsgi_server.CPWSGIServer(('0.0.0.0', 8080)) shut down
[26/Nov/2017:10:13:09] ENGINE Bus STOPPED
[26/Nov/2017:10:13:09] ENGINE Bus EXITING
[26/Nov/2017:10:13:09] ENGINE Bus EXITED
[26/Nov/2017:10:13:09] ENGINE Waiting for child threads to terminate...
[26/Nov/2017:10:13:09] ENGINE Re-spawning python upload.py
[26/Nov/2017:10:13:34] ENGINE Listening for SIGTERM.
[26/Nov/2017:10:13:34] ENGINE Listening for SIGHUP.
[26/Nov/2017:10:13:34] ENGINE Listening for SIGUSR1.
[26/Nov/2017:10:13:34] ENGINE Bus STARTING
[26/Nov/2017:10:13:34] ENGINE Started monitor thread 'Autoreloader'.
[26/Nov/2017:10:13:34] ENGINE Serving on http://0.0.0.0:8080
[26/Nov/2017:10:13:34] ENGINE Bus STARTED
[26/Nov/2017:10:14:07] ENGINE Restarting because mmeds.conf changed.
[26/Nov/2017:10:14:07] ENGINE Stopped thread 'Autoreloader'.
[26/Nov/2017:10:14:07] ENGINE Bus STOPPING
[26/Nov/2017:10:14:07] ENGINE HTTP Server cherrypy._cpwsgi_server.CPWSGIServer(('0.0.0.0', 8080)) shut down
[26/Nov/2017:10:14:07] ENGINE Bus STOPPED
[26/Nov/2017:10:14:07] ENGINE Bus EXITING
[26/Nov/2017:10:14:07] ENGINE Bus EXITED
[26/Nov/2017:10:14:07] ENGINE Waiting for child threads to terminate...
[26/Nov/2017:10:14:07] ENGINE Re-spawning python upload.py
[26/Nov/2017:10:14:07] ENGINE Listening for SIGTERM.
[26/Nov/2017:10:14:07] ENGINE Listening for SIGHUP.
[26/Nov/2017:10:14:07] ENGINE Listening for SIGUSR1.
[26/Nov/2017:10:14:07] ENGINE Bus STARTING
[26/Nov/2017:10:14:07] ENGINE Started monitor thread 'Autoreloader'.
[26/Nov/2017:10:14:07] ENGINE Serving on http://0.0.0.0:8080
[26/Nov/2017:10:14:07] ENGINE Bus STARTED
[26/Nov/2017:10:14:34] ENGINE Restarting because mmeds.conf changed.
[26/Nov/2017:10:14:34] ENGINE Stopped thread 'Autoreloader'.
[26/Nov/2017:10:14:34] ENGINE Bus STOPPING
[26/Nov/2017:10:14:34] ENGINE HTTP Server cherrypy._cpwsgi_server.CPWSGIServer(('0.0.0.0', 8080)) shut down
[26/Nov/2017:10:14:34] ENGINE Bus STOPPED
[26/Nov/2017:10:14:34] ENGINE Bus EXITING
[26/Nov/2017:10:14:34] ENGINE Bus EXITED
[26/Nov/2017:10:14:34] ENGINE Waiting for child threads to terminate...
[26/Nov/2017:10:14:34] ENGINE Re-spawning python upload.py
[26/Nov/2017:10:14:34] ENGINE Listening for SIGTERM.
[26/Nov/2017:10:14:34] ENGINE Listening for SIGHUP.
[26/Nov/2017:10:14:34] ENGINE Listening for SIGUSR1.
[26/Nov/2017:10:14:34] ENGINE Bus STARTING
[26/Nov/2017:10:14:34] ENGINE Started monitor thread 'Autoreloader'.
[26/Nov/2017:10:14:34] ENGINE Serving on http://0.0.0.0:8080
[26/Nov/2017:10:14:34] ENGINE Bus STARTED
[26/Nov/2017:10:15:28] ENGINE Keyboard Interrupt: shutting down bus
[26/Nov/2017:10:15:28] ENGINE Bus STOPPING
[26/Nov/2017:10:15:28] ENGINE HTTP Server cherrypy._cpwsgi_server.CPWSGIServer(('0.0.0.0', 8080)) shut down
[26/Nov/2017:10:15:28] ENGINE Stopped thread 'Autoreloader'.
[26/Nov/2017:10:15:28] ENGINE Bus STOPPED
[26/Nov/2017:10:15:28] ENGINE Bus EXITING
[26/Nov/2017:10:15:28] ENGINE Bus EXITED
[26/Nov/2017:10:15:28] ENGINE Waiting for child threads to terminate...
[26/Nov/2017:10:15:37] ENGINE Listening for SIGTERM.
[26/Nov/2017:10:15:37] ENGINE Listening for SIGHUP.
[26/Nov/2017:10:15:37] ENGINE Listening for SIGUSR1.
[26/Nov/2017:10:15:37] ENGINE Bus STARTING
[26/Nov/2017:10:15:37] ENGINE Started monitor thread 'Autoreloader'.
[26/Nov/2017:10:15:37] ENGINE Serving on http://0.0.0.0:8080
[26/Nov/2017:10:15:37] ENGINE Bus STARTED
[26/Nov/2017:10:15:51] ENGINE Restarting because mmeds.conf changed.
[26/Nov/2017:10:15:51] ENGINE Stopped thread 'Autoreloader'.
[26/Nov/2017:10:15:51] ENGINE Bus STOPPING
[26/Nov/2017:10:15:51] ENGINE HTTP Server cherrypy._cpwsgi_server.CPWSGIServer(('0.0.0.0', 8080)) shut down
[26/Nov/2017:10:15:51] ENGINE Bus STOPPED
[26/Nov/2017:10:15:51] ENGINE Bus EXITING
[26/Nov/2017:10:15:51] ENGINE Bus EXITED
[26/Nov/2017:10:15:51] ENGINE Waiting for child threads to terminate...
[26/Nov/2017:10:15:51] ENGINE Re-spawning python upload.py
[26/Nov/2017:10:15:52] ENGINE Listening for SIGTERM.
[26/Nov/2017:10:15:52] ENGINE Listening for SIGHUP.
[26/Nov/2017:10:15:52] ENGINE Listening for SIGUSR1.
[26/Nov/2017:10:15:52] ENGINE Bus STARTING
[26/Nov/2017:10:15:52] ENGINE Started monitor thread 'Autoreloader'.
[26/Nov/2017:10:15:52] ENGINE Serving on http://0.0.0.0:8080
[26/Nov/2017:10:15:52] ENGINE Bus STARTED
[26/Nov/2017:10:16:50] ENGINE Keyboard Interrupt: shutting down bus
[26/Nov/2017:10:16:50] ENGINE Bus STOPPING
[26/Nov/2017:10:16:50] ENGINE HTTP Server cherrypy._cpwsgi_server.CPWSGIServer(('0.0.0.0', 8080)) shut down
[26/Nov/2017:10:16:50] ENGINE Stopped thread 'Autoreloader'.
[26/Nov/2017:10:16:50] ENGINE Bus STOPPED
[26/Nov/2017:10:16:50] ENGINE Bus EXITING
[26/Nov/2017:10:16:50] ENGINE Bus EXITED
[26/Nov/2017:10:16:50] ENGINE Waiting for child threads to terminate...
[26/Nov/2017:10:20:36] ENGINE Listening for SIGTERM.
[26/Nov/2017:10:20:36] ENGINE Listening for SIGHUP.
[26/Nov/2017:10:20:36] ENGINE Listening for SIGUSR1.
[26/Nov/2017:10:20:36] ENGINE Bus STARTING
[26/Nov/2017:10:20:36] ENGINE Started monitor thread 'Autoreloader'.
[26/Nov/2017:10:20:36] ENGINE Serving on http://0.0.0.0:8080
[26/Nov/2017:10:20:36] ENGINE Bus STARTED
[26/Nov/2017:10:23:47] ENGINE Keyboard Interrupt: shutting down bus
[26/Nov/2017:10:23:47] ENGINE Bus STOPPING
[26/Nov/2017:10:23:48] ENGINE HTTP Server cherrypy._cpwsgi_server.CPWSGIServer(('0.0.0.0', 8080)) shut down
[26/Nov/2017:10:23:48] ENGINE Stopped thread 'Autoreloader'.
[26/Nov/2017:10:23:48] ENGINE Bus STOPPED
[26/Nov/2017:10:23:48] ENGINE Bus EXITING
[26/Nov/2017:10:23:48] ENGINE Bus EXITED
[26/Nov/2017:10:23:48] ENGINE Waiting for child threads to terminate...
[26/Nov/2017:10:23:48] ENGINE Waiting for thread CP Server Thread-5.
[26/Nov/2017:10:23:53] ENGINE Listening for SIGTERM.
[26/Nov/2017:10:23:53] ENGINE Listening for SIGHUP.
[26/Nov/2017:10:23:53] ENGINE Listening for SIGUSR1.
[26/Nov/2017:10:23:53] ENGINE Bus STARTING
[26/Nov/2017:10:23:53] ENGINE Started monitor thread 'Autoreloader'.
[26/Nov/2017:10:23:53] ENGINE Serving on http://0.0.0.0:8080
[26/Nov/2017:10:23:53] ENGINE Bus STARTED
[26/Nov/2017:10:24:15] ENGINE Keyboard Interrupt: shutting down bus
[26/Nov/2017:10:24:15] ENGINE Bus STOPPING
[26/Nov/2017:10:24:15] ENGINE HTTP Server cherrypy._cpwsgi_server.CPWSGIServer(('0.0.0.0', 8080)) shut down
[26/Nov/2017:10:24:15] ENGINE Stopped thread 'Autoreloader'.
[26/Nov/2017:10:24:15] ENGINE Bus STOPPED
[26/Nov/2017:10:24:15] ENGINE Bus EXITING
[26/Nov/2017:10:24:15] ENGINE Bus EXITED
[26/Nov/2017:10:24:15] ENGINE Waiting for child threads to terminate...
[26/Nov/2017:10:24:44] ENGINE Listening for SIGTERM.
[26/Nov/2017:10:24:44] ENGINE Listening for SIGHUP.
[26/Nov/2017:10:24:44] ENGINE Listening for SIGUSR1.
[26/Nov/2017:10:24:44] ENGINE Bus STARTING
[26/Nov/2017:10:24:44] ENGINE Started monitor thread 'Autoreloader'.
[26/Nov/2017:10:24:44] ENGINE Serving on http://0.0.0.0:8080
[26/Nov/2017:10:24:44] ENGINE Bus STARTED
[26/Nov/2017:10:25:05] ENGINE Restarting because mmeds.conf changed.
[26/Nov/2017:10:25:05] ENGINE Stopped thread 'Autoreloader'.
[26/Nov/2017:10:25:05] ENGINE Bus STOPPING
[26/Nov/2017:10:25:05] ENGINE HTTP Server cherrypy._cpwsgi_server.CPWSGIServer(('0.0.0.0', 8080)) shut down
[26/Nov/2017:10:25:05] ENGINE Bus STOPPED
[26/Nov/2017:10:25:05] ENGINE Bus EXITING
[26/Nov/2017:10:25:05] ENGINE Bus EXITED
[26/Nov/2017:10:25:05] ENGINE Waiting for child threads to terminate...
[26/Nov/2017:10:25:05] ENGINE Re-spawning python upload.py
[26/Nov/2017:10:25:05] ENGINE Listening for SIGTERM.
[26/Nov/2017:10:25:05] ENGINE Listening for SIGHUP.
[26/Nov/2017:10:25:05] ENGINE Listening for SIGUSR1.
[26/Nov/2017:10:25:05] ENGINE Bus STARTING
[26/Nov/2017:10:25:05] ENGINE Started monitor thread 'Autoreloader'.
[26/Nov/2017:10:25:05] ENGINE Serving on http://0.0.0.0:8080
[26/Nov/2017:10:25:05] ENGINE Bus STARTED
[26/Nov/2017:10:26:01] ENGINE Keyboard Interrupt: shutting down bus
[26/Nov/2017:10:26:01] ENGINE Bus STOPPING
[26/Nov/2017:10:26:01] ENGINE HTTP Server cherrypy._cpwsgi_server.CPWSGIServer(('0.0.0.0', 8080)) shut down
[26/Nov/2017:10:26:01] ENGINE Stopped thread 'Autoreloader'.
[26/Nov/2017:10:26:01] ENGINE Bus STOPPED
[26/Nov/2017:10:26:01] ENGINE Bus EXITING
[26/Nov/2017:10:26:01] ENGINE Bus EXITED
[26/Nov/2017:10:26:01] ENGINE Waiting for child threads to terminate...
[26/Nov/2017:10:26:01] ENGINE Listening for SIGTERM.
[26/Nov/2017:10:26:01] ENGINE Listening for SIGHUP.
[26/Nov/2017:10:26:01] ENGINE Listening for SIGUSR1.
[26/Nov/2017:10:26:01] ENGINE Bus STARTING
[26/Nov/2017:10:26:01] ENGINE Started monitor thread 'Autoreloader'.
[26/Nov/2017:10:26:01] ENGINE Serving on http://0.0.0.0:8080
[26/Nov/2017:10:26:01] ENGINE Bus STARTED
[26/Nov/2017:10:27:11] ENGINE Keyboard Interrupt: shutting down bus
[26/Nov/2017:10:27:11] ENGINE Bus STOPPING
[26/Nov/2017:10:27:11] ENGINE HTTP Server cherrypy._cpwsgi_server.CPWSGIServer(('0.0.0.0', 8080)) shut down
[26/Nov/2017:10:27:11] ENGINE Stopped thread 'Autoreloader'.
[26/Nov/2017:10:27:11] ENGINE Bus STOPPED
[26/Nov/2017:10:27:11] ENGINE Bus EXITING
[26/Nov/2017:10:27:11] ENGINE Bus EXITED
[26/Nov/2017:10:27:11] ENGINE Waiting for child threads to terminate...
[26/Nov/2017:10:27:12] ENGINE Listening for SIGTERM.
[26/Nov/2017:10:27:12] ENGINE Listening for SIGHUP.
[26/Nov/2017:10:27:12] ENGINE Listening for SIGUSR1.
[26/Nov/2017:10:27:12] ENGINE Bus STARTING
[26/Nov/2017:10:27:12] ENGINE Started monitor thread 'Autoreloader'.
[26/Nov/2017:10:27:12] ENGINE Serving on http://0.0.0.0:8080
[26/Nov/2017:10:27:12] ENGINE Bus STARTED
[26/Nov/2017:10:27:47] ENGINE Keyboard Interrupt: shutting down bus
[26/Nov/2017:10:27:47] ENGINE Bus STOPPING
[26/Nov/2017:10:27:47] ENGINE HTTP Server cherrypy._cpwsgi_server.CPWSGIServer(('0.0.0.0', 8080)) shut down
[26/Nov/2017:10:27:47] ENGINE Stopped thread 'Autoreloader'.
[26/Nov/2017:10:27:47] ENGINE Bus STOPPED
[26/Nov/2017:10:27:47] ENGINE Bus EXITING
[26/Nov/2017:10:27:47] ENGINE Bus EXITED
[26/Nov/2017:10:27:47] ENGINE Waiting for child threads to terminate...
[26/Nov/2017:10:27:47] ENGINE Waiting for thread CP Server Thread-5.
[26/Nov/2017:10:27:51] ENGINE Listening for SIGTERM.
[26/Nov/2017:10:27:51] ENGINE Listening for SIGHUP.
[26/Nov/2017:10:27:51] ENGINE Listening for SIGUSR1.
[26/Nov/2017:10:27:51] ENGINE Bus STARTING
[26/Nov/2017:10:27:51] ENGINE Started monitor thread 'Autoreloader'.
[26/Nov/2017:10:27:51] ENGINE Serving on http://0.0.0.0:8080
[26/Nov/2017:10:27:51] ENGINE Bus STARTED
[26/Nov/2017:10:30:16] ENGINE Keyboard Interrupt: shutting down bus
[26/Nov/2017:10:30:16] ENGINE Bus STOPPING
[26/Nov/2017:10:30:16] ENGINE HTTP Server cherrypy._cpwsgi_server.CPWSGIServer(('0.0.0.0', 8080)) shut down
[26/Nov/2017:10:30:16] ENGINE Stopped thread 'Autoreloader'.
[26/Nov/2017:10:30:16] ENGINE Bus STOPPED
[26/Nov/2017:10:30:16] ENGINE Bus EXITING
[26/Nov/2017:10:30:16] ENGINE Bus EXITED
[26/Nov/2017:10:30:16] ENGINE Waiting for child threads to terminate...
[26/Nov/2017:10:30:17] ENGINE Listening for SIGTERM.
[26/Nov/2017:10:30:17] ENGINE Listening for SIGHUP.
[26/Nov/2017:10:30:17] ENGINE Listening for SIGUSR1.
[26/Nov/2017:10:30:17] ENGINE Bus STARTING
[26/Nov/2017:10:30:17] ENGINE Started monitor thread 'Autoreloader'.
[26/Nov/2017:10:30:17] ENGINE Serving on http://0.0.0.0:8080
[26/Nov/2017:10:30:17] ENGINE Bus STARTED
[26/Nov/2017:11:13:33] ENGINE Restarting because /home/david/Work/mmeds-meta/server/upload.py changed.
[26/Nov/2017:11:13:33] ENGINE Stopped thread 'Autoreloader'.
[26/Nov/2017:11:13:33] ENGINE Bus STOPPING
[26/Nov/2017:11:13:33] ENGINE HTTP Server cherrypy._cpwsgi_server.CPWSGIServer(('0.0.0.0', 8080)) shut down
[26/Nov/2017:11:13:33] ENGINE Bus STOPPED
[26/Nov/2017:11:13:33] ENGINE Bus EXITING
[26/Nov/2017:11:13:33] ENGINE Bus EXITED
[26/Nov/2017:11:13:33] ENGINE Waiting for child threads to terminate...
[26/Nov/2017:11:13:33] ENGINE Re-spawning python upload.py
[26/Nov/2017:11:13:33] ENGINE Listening for SIGTERM.
[26/Nov/2017:11:13:33] ENGINE Listening for SIGHUP.
[26/Nov/2017:11:13:33] ENGINE Listening for SIGUSR1.
[26/Nov/2017:11:13:33] ENGINE Bus STARTING
[26/Nov/2017:11:13:33] ENGINE Started monitor thread 'Autoreloader'.
[26/Nov/2017:11:13:33] ENGINE Serving on http://0.0.0.0:8080
[26/Nov/2017:11:13:33] ENGINE Bus STARTED
[26/Nov/2017:11:16:28] ENGINE Restarting because mmeds.conf changed.
[26/Nov/2017:11:16:28] ENGINE Stopped thread 'Autoreloader'.
[26/Nov/2017:11:16:28] ENGINE Bus STOPPING
[26/Nov/2017:11:16:28] ENGINE HTTP Server cherrypy._cpwsgi_server.CPWSGIServer(('0.0.0.0', 8080)) shut down
[26/Nov/2017:11:16:28] ENGINE Bus STOPPED
[26/Nov/2017:11:16:28] ENGINE Bus EXITING
[26/Nov/2017:11:16:28] ENGINE Bus EXITED
[26/Nov/2017:11:16:28] ENGINE Waiting for child threads to terminate...
[26/Nov/2017:11:16:28] ENGINE Re-spawning python upload.py
[26/Nov/2017:11:16:28] ENGINE Listening for SIGTERM.
[26/Nov/2017:11:16:28] ENGINE Listening for SIGHUP.
[26/Nov/2017:11:16:28] ENGINE Listening for SIGUSR1.
[26/Nov/2017:11:16:28] ENGINE Bus STARTING
[26/Nov/2017:11:16:28] ENGINE Started monitor thread 'Autoreloader'.
[26/Nov/2017:11:16:28] ENGINE Serving on http://0.0.0.0:8080
[26/Nov/2017:11:16:28] ENGINE Bus STARTED
[26/Nov/2017:11:18:37] ENGINE Restarting because mmeds.conf changed.
[26/Nov/2017:11:18:37] ENGINE Stopped thread 'Autoreloader'.
[26/Nov/2017:11:18:37] ENGINE Bus STOPPING
[26/Nov/2017:11:18:37] ENGINE HTTP Server cherrypy._cpwsgi_server.CPWSGIServer(('0.0.0.0', 8080)) shut down
[26/Nov/2017:11:18:37] ENGINE Bus STOPPED
[26/Nov/2017:11:18:37] ENGINE Bus EXITING
[26/Nov/2017:11:18:37] ENGINE Bus EXITED
[26/Nov/2017:11:18:37] ENGINE Waiting for child threads to terminate...
[26/Nov/2017:11:18:37] ENGINE Re-spawning python upload.py
[26/Nov/2017:11:34:37] ENGINE Listening for SIGTERM.
[26/Nov/2017:11:34:37] ENGINE Listening for SIGHUP.
[26/Nov/2017:11:34:37] ENGINE Listening for SIGUSR1.
[26/Nov/2017:11:34:37] ENGINE Bus STARTING
[26/Nov/2017:11:34:37] ENGINE Started monitor thread 'Autoreloader'.
[26/Nov/2017:11:34:37] ENGINE Serving on http://0.0.0.0:8080
[26/Nov/2017:11:34:37] ENGINE Bus STARTED
[26/Nov/2017:11:34:51] ENGINE Keyboard Interrupt: shutting down bus
[26/Nov/2017:11:34:51] ENGINE Bus STOPPING
[26/Nov/2017:11:34:51] ENGINE HTTP Server cherrypy._cpwsgi_server.CPWSGIServer(('0.0.0.0', 8080)) shut down
[26/Nov/2017:11:34:51] ENGINE Stopped thread 'Autoreloader'.
[26/Nov/2017:11:34:51] ENGINE Bus STOPPED
[26/Nov/2017:11:34:51] ENGINE Bus EXITING
[26/Nov/2017:11:34:51] ENGINE Bus EXITED
[26/Nov/2017:11:34:51] ENGINE Waiting for child threads to terminate...
[26/Nov/2017:11:34:52] ENGINE Listening for SIGTERM.
[26/Nov/2017:11:34:52] ENGINE Listening for SIGHUP.
[26/Nov/2017:11:34:52] ENGINE Listening for SIGUSR1.
[26/Nov/2017:11:34:52] ENGINE Bus STARTING
[26/Nov/2017:11:34:52] ENGINE Started monitor thread 'Autoreloader'.
[26/Nov/2017:11:34:52] ENGINE Serving on http://0.0.0.0:8080
[26/Nov/2017:11:34:52] ENGINE Bus STARTED
[26/Nov/2017:11:34:57] ENGINE Keyboard Interrupt: shutting down bus
[26/Nov/2017:11:34:57] ENGINE Bus STOPPING
[26/Nov/2017:11:34:57] ENGINE HTTP Server cherrypy._cpwsgi_server.CPWSGIServer(('0.0.0.0', 8080)) shut down
[26/Nov/2017:11:34:57] ENGINE Stopped thread 'Autoreloader'.
[26/Nov/2017:11:34:57] ENGINE Bus STOPPED
[26/Nov/2017:11:34:57] ENGINE Bus EXITING
[26/Nov/2017:11:34:57] ENGINE Bus EXITED
[26/Nov/2017:11:34:57] ENGINE Waiting for child threads to terminate...
[26/Nov/2017:11:35:00] ENGINE Listening for SIGTERM.
[26/Nov/2017:11:35:00] ENGINE Listening for SIGHUP.
[26/Nov/2017:11:35:00] ENGINE Listening for SIGUSR1.
[26/Nov/2017:11:35:00] ENGINE Bus STARTING
[26/Nov/2017:11:35:00] ENGINE Started monitor thread 'Autoreloader'.
[26/Nov/2017:11:35:00] ENGINE Serving on http://0.0.0.0:8080
[26/Nov/2017:11:35:00] ENGINE Bus STARTED
[26/Nov/2017:11:47:54] ENGINE Restarting because /home/david/Work/mmeds-meta/server/upload.py changed.
[26/Nov/2017:11:47:54] ENGINE Stopped thread 'Autoreloader'.
[26/Nov/2017:11:47:54] ENGINE Bus STOPPING
[26/Nov/2017:11:47:54] ENGINE HTTP Server cherrypy._cpwsgi_server.CPWSGIServer(('0.0.0.0', 8080)) shut down
[26/Nov/2017:11:47:54] ENGINE Bus STOPPED
[26/Nov/2017:11:47:54] ENGINE Bus EXITING
[26/Nov/2017:11:47:54] ENGINE Bus EXITED
[26/Nov/2017:11:47:54] ENGINE Waiting for child threads to terminate...
[26/Nov/2017:11:47:54] ENGINE Re-spawning python upload.py
[26/Nov/2017:11:47:54] ENGINE Listening for SIGTERM.
[26/Nov/2017:11:47:54] ENGINE Listening for SIGHUP.
[26/Nov/2017:11:47:54] ENGINE Listening for SIGUSR1.
[26/Nov/2017:11:47:54] ENGINE Bus STARTING
[26/Nov/2017:11:47:54] ENGINE Started monitor thread 'Autoreloader'.
[26/Nov/2017:11:47:54] ENGINE Serving on http://0.0.0.0:8080
[26/Nov/2017:11:47:54] ENGINE Bus STARTED
[26/Nov/2017:11:48:16] ENGINE Restarting because /home/david/Work/mmeds-meta/server/upload.py changed.
[26/Nov/2017:11:48:16] ENGINE Stopped thread 'Autoreloader'.
[26/Nov/2017:11:48:16] ENGINE Bus STOPPING
[26/Nov/2017:11:48:16] ENGINE HTTP Server cherrypy._cpwsgi_server.CPWSGIServer(('0.0.0.0', 8080)) shut down
[26/Nov/2017:11:48:16] ENGINE Bus STOPPED
[26/Nov/2017:11:48:16] ENGINE Bus EXITING
[26/Nov/2017:11:48:16] ENGINE Bus EXITED
[26/Nov/2017:11:48:16] ENGINE Waiting for child threads to terminate...
[26/Nov/2017:11:48:16] ENGINE Re-spawning python upload.py
[26/Nov/2017:11:48:17] ENGINE Listening for SIGTERM.
[26/Nov/2017:11:48:17] ENGINE Listening for SIGHUP.
[26/Nov/2017:11:48:17] ENGINE Listening for SIGUSR1.
[26/Nov/2017:11:48:17] ENGINE Bus STARTING
[26/Nov/2017:11:48:17] ENGINE Started monitor thread 'Autoreloader'.
[26/Nov/2017:11:48:17] ENGINE Serving on http://0.0.0.0:8080
[26/Nov/2017:11:48:17] ENGINE Bus STARTED
[26/Nov/2017:11:49:57] ENGINE Restarting because /home/david/Work/mmeds-meta/server/upload.py changed.
[26/Nov/2017:11:49:57] ENGINE Stopped thread 'Autoreloader'.
[26/Nov/2017:11:49:57] ENGINE Bus STOPPING
[26/Nov/2017:11:49:57] ENGINE HTTP Server cherrypy._cpwsgi_server.CPWSGIServer(('0.0.0.0', 8080)) shut down
[26/Nov/2017:11:49:57] ENGINE Bus STOPPED
[26/Nov/2017:11:49:57] ENGINE Bus EXITING
[26/Nov/2017:11:49:57] ENGINE Bus EXITED
[26/Nov/2017:11:49:57] ENGINE Waiting for child threads to terminate...
[26/Nov/2017:11:49:57] ENGINE Re-spawning python upload.py
[26/Nov/2017:11:49:57] ENGINE Listening for SIGTERM.
[26/Nov/2017:11:49:57] ENGINE Listening for SIGHUP.
[26/Nov/2017:11:49:57] ENGINE Listening for SIGUSR1.
[26/Nov/2017:11:49:57] ENGINE Bus STARTING
[26/Nov/2017:11:49:57] ENGINE Started monitor thread 'Autoreloader'.
[26/Nov/2017:11:49:57] ENGINE Serving on http://0.0.0.0:8080
[26/Nov/2017:11:49:57] ENGINE Bus STARTED
[26/Nov/2017:11:50:13] ENGINE Restarting because /home/david/Work/mmeds-meta/server/upload.py changed.
[26/Nov/2017:11:50:13] ENGINE Stopped thread 'Autoreloader'.
[26/Nov/2017:11:50:13] ENGINE Bus STOPPING
[26/Nov/2017:11:50:13] ENGINE HTTP Server cherrypy._cpwsgi_server.CPWSGIServer(('0.0.0.0', 8080)) shut down
[26/Nov/2017:11:50:13] ENGINE Bus STOPPED
[26/Nov/2017:11:50:13] ENGINE Bus EXITING
[26/Nov/2017:11:50:13] ENGINE Bus EXITED
[26/Nov/2017:11:50:14] ENGINE Waiting for child threads to terminate...
[26/Nov/2017:11:50:14] ENGINE Re-spawning python upload.py
[26/Nov/2017:11:51:18] ENGINE Listening for SIGTERM.
[26/Nov/2017:11:51:18] ENGINE Listening for SIGHUP.
[26/Nov/2017:11:51:18] ENGINE Listening for SIGUSR1.
[26/Nov/2017:11:51:18] ENGINE Bus STARTING
[26/Nov/2017:11:51:18] ENGINE Started monitor thread 'Autoreloader'.
[26/Nov/2017:11:51:18] ENGINE Serving on http://0.0.0.0:8080
[26/Nov/2017:11:51:18] ENGINE Bus STARTED
[26/Nov/2017:11:52:17] ENGINE Restarting because /home/david/Work/mmeds-meta/server/upload.py changed.
[26/Nov/2017:11:52:17] ENGINE Stopped thread 'Autoreloader'.
[26/Nov/2017:11:52:17] ENGINE Bus STOPPING
[26/Nov/2017:11:52:17] ENGINE HTTP Server cherrypy._cpwsgi_server.CPWSGIServer(('0.0.0.0', 8080)) shut down
[26/Nov/2017:11:52:17] ENGINE Bus STOPPED
[26/Nov/2017:11:52:17] ENGINE Bus EXITING
[26/Nov/2017:11:52:17] ENGINE Bus EXITED
[26/Nov/2017:11:52:17] ENGINE Waiting for child threads to terminate...
[26/Nov/2017:11:52:17] ENGINE Re-spawning python upload.py
[26/Nov/2017:11:52:18] ENGINE Listening for SIGTERM.
[26/Nov/2017:11:52:18] ENGINE Listening for SIGHUP.
[26/Nov/2017:11:52:18] ENGINE Listening for SIGUSR1.
[26/Nov/2017:11:52:18] ENGINE Bus STARTING
[26/Nov/2017:11:52:18] ENGINE Started monitor thread 'Autoreloader'.
[26/Nov/2017:11:52:18] ENGINE Serving on http://0.0.0.0:8080
[26/Nov/2017:11:52:18] ENGINE Bus STARTED
[26/Nov/2017:11:54:32] HTTP 
Traceback (most recent call last):
  File "/home/david/anaconda3/envs/mmeds/lib/python3.6/site-packages/cherrypy/_cprequest.py", line 631, in respond
    self._do_respond(path_info)
  File "/home/david/anaconda3/envs/mmeds/lib/python3.6/site-packages/cherrypy/_cprequest.py", line 690, in _do_respond
    response.body = self.handler()
  File "/home/david/anaconda3/envs/mmeds/lib/python3.6/site-packages/cherrypy/lib/encoding.py", line 221, in __call__
    self.body = self.oldhandler(*args, **kwargs)
  File "/home/david/anaconda3/envs/mmeds/lib/python3.6/site-packages/cherrypy/_cpdispatch.py", line 60, in __call__
    return self.callable(*self.args, **self.kwargs)
  File "upload.py", line 50, in login
    if validate_password(username, password):
TypeError: validate_password() missing 1 required positional argument: 'password'
[26/Nov/2017:11:54:32] HTTP 
Request Headers:
  Remote-Addr: 127.0.0.1
  HOST: localhost:8080
  USER-AGENT: Mozilla/5.0 (X11; Linux x86_64; rv:57.0) Gecko/20100101 Firefox/57.0
  ACCEPT: text/html,application/xhtml+xml,application/xml;q=0.9,*/*;q=0.8
  ACCEPT-LANGUAGE: en-US,en;q=0.5
  ACCEPT-ENCODING: gzip, deflate
  REFERER: http://localhost:8080/
  COOKIE: username-localhost-8888="2|1:0|10:1509473559|23:username-localhost-8888|44:MGVlZGFmYTdkZDk3NGYwN2ExNDMwMWI5YzQ1NWE2NjE=|7905bcb1f978f590a2e2df3ad92100791b3bd5ba1c5490310ca5d3aa83f46acf"; csrftoken=UmYuR5VmTX7EjS3zGPm2x6zM952sOeKFy9fgbOFHTMsCLv68sgRDy4VCqbrQMMbn
  CONNECTION: keep-alive
  UPGRADE-INSECURE-REQUESTS: 1
[26/Nov/2017:11:57:01] HTTP 
Traceback (most recent call last):
  File "/home/david/anaconda3/envs/mmeds/lib/python3.6/site-packages/cherrypy/_cprequest.py", line 631, in respond
    self._do_respond(path_info)
  File "/home/david/anaconda3/envs/mmeds/lib/python3.6/site-packages/cherrypy/_cprequest.py", line 690, in _do_respond
    response.body = self.handler()
  File "/home/david/anaconda3/envs/mmeds/lib/python3.6/site-packages/cherrypy/lib/encoding.py", line 221, in __call__
    self.body = self.oldhandler(*args, **kwargs)
  File "/home/david/anaconda3/envs/mmeds/lib/python3.6/site-packages/cherrypy/_cpdispatch.py", line 60, in __call__
    return self.callable(*self.args, **self.kwargs)
  File "upload.py", line 50, in login
    if validate_password(username, password):
TypeError: validate_password() missing 1 required positional argument: 'password'
[26/Nov/2017:11:57:01] HTTP 
Request Headers:
  Remote-Addr: 127.0.0.1
  HOST: localhost:8080
  USER-AGENT: Mozilla/5.0 (X11; Linux x86_64; rv:57.0) Gecko/20100101 Firefox/57.0
  ACCEPT: text/html,application/xhtml+xml,application/xml;q=0.9,*/*;q=0.8
  ACCEPT-LANGUAGE: en-US,en;q=0.5
  ACCEPT-ENCODING: gzip, deflate
  COOKIE: username-localhost-8888="2|1:0|10:1509473559|23:username-localhost-8888|44:MGVlZGFmYTdkZDk3NGYwN2ExNDMwMWI5YzQ1NWE2NjE=|7905bcb1f978f590a2e2df3ad92100791b3bd5ba1c5490310ca5d3aa83f46acf"; csrftoken=UmYuR5VmTX7EjS3zGPm2x6zM952sOeKFy9fgbOFHTMsCLv68sgRDy4VCqbrQMMbn
  CONNECTION: keep-alive
  UPGRADE-INSECURE-REQUESTS: 1
[26/Nov/2017:11:57:15] HTTP 
Traceback (most recent call last):
  File "/home/david/anaconda3/envs/mmeds/lib/python3.6/site-packages/cherrypy/_cprequest.py", line 631, in respond
    self._do_respond(path_info)
  File "/home/david/anaconda3/envs/mmeds/lib/python3.6/site-packages/cherrypy/_cprequest.py", line 690, in _do_respond
    response.body = self.handler()
  File "/home/david/anaconda3/envs/mmeds/lib/python3.6/site-packages/cherrypy/lib/encoding.py", line 221, in __call__
    self.body = self.oldhandler(*args, **kwargs)
  File "/home/david/anaconda3/envs/mmeds/lib/python3.6/site-packages/cherrypy/_cpdispatch.py", line 60, in __call__
    return self.callable(*self.args, **self.kwargs)
  File "upload.py", line 50, in login
    if validate_password(username, password):
TypeError: validate_password() missing 1 required positional argument: 'password'
[26/Nov/2017:11:57:15] HTTP 
Request Headers:
  Remote-Addr: 127.0.0.1
  HOST: localhost:8080
  USER-AGENT: Mozilla/5.0 (X11; Linux x86_64; rv:57.0) Gecko/20100101 Firefox/57.0
  ACCEPT: text/html,application/xhtml+xml,application/xml;q=0.9,*/*;q=0.8
  ACCEPT-LANGUAGE: en-US,en;q=0.5
  ACCEPT-ENCODING: gzip, deflate
  REFERER: http://localhost:8080/
  COOKIE: username-localhost-8888="2|1:0|10:1509473559|23:username-localhost-8888|44:MGVlZGFmYTdkZDk3NGYwN2ExNDMwMWI5YzQ1NWE2NjE=|7905bcb1f978f590a2e2df3ad92100791b3bd5ba1c5490310ca5d3aa83f46acf"; csrftoken=UmYuR5VmTX7EjS3zGPm2x6zM952sOeKFy9fgbOFHTMsCLv68sgRDy4VCqbrQMMbn
  CONNECTION: keep-alive
  UPGRADE-INSECURE-REQUESTS: 1
  Content-Type: multipart/form-data; boundary=---------------------------21168173552026656262894181443
  Content-Length: 298
[26/Nov/2017:11:57:43] HTTP 
Traceback (most recent call last):
  File "/home/david/anaconda3/envs/mmeds/lib/python3.6/site-packages/cherrypy/_cprequest.py", line 631, in respond
    self._do_respond(path_info)
  File "/home/david/anaconda3/envs/mmeds/lib/python3.6/site-packages/cherrypy/_cprequest.py", line 690, in _do_respond
    response.body = self.handler()
  File "/home/david/anaconda3/envs/mmeds/lib/python3.6/site-packages/cherrypy/lib/encoding.py", line 221, in __call__
    self.body = self.oldhandler(*args, **kwargs)
  File "/home/david/anaconda3/envs/mmeds/lib/python3.6/site-packages/cherrypy/_cpdispatch.py", line 60, in __call__
    return self.callable(*self.args, **self.kwargs)
  File "upload.py", line 50, in login
    if validate_password(username, password):
TypeError: validate_password() missing 1 required positional argument: 'password'
[26/Nov/2017:11:57:43] HTTP 
Request Headers:
  Remote-Addr: 127.0.0.1
  HOST: localhost:8080
  USER-AGENT: Mozilla/5.0 (X11; Linux x86_64; rv:57.0) Gecko/20100101 Firefox/57.0
  ACCEPT: text/html,application/xhtml+xml,application/xml;q=0.9,*/*;q=0.8
  ACCEPT-LANGUAGE: en-US,en;q=0.5
  ACCEPT-ENCODING: gzip, deflate
  REFERER: http://localhost:8080/
  COOKIE: username-localhost-8888="2|1:0|10:1509473559|23:username-localhost-8888|44:MGVlZGFmYTdkZDk3NGYwN2ExNDMwMWI5YzQ1NWE2NjE=|7905bcb1f978f590a2e2df3ad92100791b3bd5ba1c5490310ca5d3aa83f46acf"; csrftoken=UmYuR5VmTX7EjS3zGPm2x6zM952sOeKFy9fgbOFHTMsCLv68sgRDy4VCqbrQMMbn
  CONNECTION: keep-alive
  UPGRADE-INSECURE-REQUESTS: 1
  Content-Type: multipart/form-data; boundary=---------------------------782568091890934001655745042
  Content-Length: 292
[26/Nov/2017:12:00:02] HTTP 
Traceback (most recent call last):
  File "/home/david/anaconda3/envs/mmeds/lib/python3.6/site-packages/cherrypy/_cprequest.py", line 631, in respond
    self._do_respond(path_info)
  File "/home/david/anaconda3/envs/mmeds/lib/python3.6/site-packages/cherrypy/_cprequest.py", line 690, in _do_respond
    response.body = self.handler()
  File "/home/david/anaconda3/envs/mmeds/lib/python3.6/site-packages/cherrypy/lib/encoding.py", line 221, in __call__
    self.body = self.oldhandler(*args, **kwargs)
  File "/home/david/anaconda3/envs/mmeds/lib/python3.6/site-packages/cherrypy/_cpdispatch.py", line 60, in __call__
    return self.callable(*self.args, **self.kwargs)
  File "upload.py", line 50, in login
    if validate_password(username, password):
TypeError: validate_password() missing 1 required positional argument: 'password'
[26/Nov/2017:12:00:02] HTTP 
Request Headers:
  Remote-Addr: 127.0.0.1
  HOST: localhost:8080
  USER-AGENT: Mozilla/5.0 (X11; Linux x86_64; rv:57.0) Gecko/20100101 Firefox/57.0
  ACCEPT: text/html,application/xhtml+xml,application/xml;q=0.9,*/*;q=0.8
  ACCEPT-LANGUAGE: en-US,en;q=0.5
  ACCEPT-ENCODING: gzip, deflate
  REFERER: http://localhost:8080/
  COOKIE: username-localhost-8888="2|1:0|10:1509473559|23:username-localhost-8888|44:MGVlZGFmYTdkZDk3NGYwN2ExNDMwMWI5YzQ1NWE2NjE=|7905bcb1f978f590a2e2df3ad92100791b3bd5ba1c5490310ca5d3aa83f46acf"; csrftoken=UmYuR5VmTX7EjS3zGPm2x6zM952sOeKFy9fgbOFHTMsCLv68sgRDy4VCqbrQMMbn
  CONNECTION: keep-alive
  UPGRADE-INSECURE-REQUESTS: 1
  Content-Type: multipart/form-data; boundary=---------------------------147841095217141778011636362844
  Content-Length: 301
[26/Nov/2017:12:00:09] ENGINE Keyboard Interrupt: shutting down bus
[26/Nov/2017:12:00:09] ENGINE Bus STOPPING
[26/Nov/2017:12:00:11] ENGINE Restarting because /home/david/anaconda3/envs/mmeds/lib/python3.6/site-packages/mmeds-0.1.0.dev0-py3.6.egg/mmeds/mmeds.py changed.
[26/Nov/2017:12:00:11] ENGINE Stopped thread 'Autoreloader'.
[26/Nov/2017:12:00:11] ENGINE Bus STOPPING
[26/Nov/2017:12:00:11] ENGINE HTTP Server cherrypy._cpwsgi_server.CPWSGIServer(('0.0.0.0', 8080)) shut down
[26/Nov/2017:12:00:11] ENGINE Bus STOPPED
[26/Nov/2017:12:00:11] ENGINE Bus EXITING
[26/Nov/2017:12:00:11] ENGINE Bus EXITED
[26/Nov/2017:12:00:11] ENGINE HTTP Server cherrypy._cpwsgi_server.CPWSGIServer(('0.0.0.0', 8080)) shut down
[26/Nov/2017:12:00:11] ENGINE No thread running for None.
[26/Nov/2017:12:00:11] ENGINE Bus STOPPED
[26/Nov/2017:12:00:11] ENGINE Bus EXITING
[26/Nov/2017:12:00:11] ENGINE Bus EXITED
[26/Nov/2017:12:00:11] ENGINE Waiting for child threads to terminate...
[26/Nov/2017:12:00:11] ENGINE Waiting for thread CP Server Thread-8.
[26/Nov/2017:12:00:14] ENGINE Listening for SIGTERM.
[26/Nov/2017:12:00:14] ENGINE Listening for SIGHUP.
[26/Nov/2017:12:00:14] ENGINE Listening for SIGUSR1.
[26/Nov/2017:12:00:14] ENGINE Bus STARTING
[26/Nov/2017:12:00:14] ENGINE Started monitor thread 'Autoreloader'.
[26/Nov/2017:12:00:14] ENGINE Serving on http://0.0.0.0:8080
[26/Nov/2017:12:00:14] ENGINE Bus STARTED
[26/Nov/2017:12:01:55] ENGINE Restarting because /home/david/Work/mmeds-meta/server/upload.py changed.
[26/Nov/2017:12:01:55] ENGINE Stopped thread 'Autoreloader'.
[26/Nov/2017:12:01:55] ENGINE Bus STOPPING
[26/Nov/2017:12:01:55] ENGINE HTTP Server cherrypy._cpwsgi_server.CPWSGIServer(('0.0.0.0', 8080)) shut down
[26/Nov/2017:12:01:55] ENGINE Bus STOPPED
[26/Nov/2017:12:01:55] ENGINE Bus EXITING
[26/Nov/2017:12:01:55] ENGINE Bus EXITED
[26/Nov/2017:12:01:55] ENGINE Waiting for child threads to terminate...
[26/Nov/2017:12:01:55] ENGINE Re-spawning python upload.py
[26/Nov/2017:12:01:56] ENGINE Listening for SIGTERM.
[26/Nov/2017:12:01:56] ENGINE Listening for SIGHUP.
[26/Nov/2017:12:01:56] ENGINE Listening for SIGUSR1.
[26/Nov/2017:12:01:56] ENGINE Bus STARTING
[26/Nov/2017:12:01:56] ENGINE Started monitor thread 'Autoreloader'.
[26/Nov/2017:12:01:56] ENGINE Serving on http://0.0.0.0:8080
[26/Nov/2017:12:01:56] ENGINE Bus STARTED
[26/Nov/2017:12:04:25] ENGINE Keyboard Interrupt: shutting down bus
[26/Nov/2017:12:04:25] ENGINE Bus STOPPING
[26/Nov/2017:12:04:25] ENGINE HTTP Server cherrypy._cpwsgi_server.CPWSGIServer(('0.0.0.0', 8080)) shut down
[26/Nov/2017:12:04:25] ENGINE Stopped thread 'Autoreloader'.
[26/Nov/2017:12:04:25] ENGINE Bus STOPPED
[26/Nov/2017:12:04:25] ENGINE Bus EXITING
[26/Nov/2017:12:04:25] ENGINE Bus EXITED
[26/Nov/2017:12:04:25] ENGINE Waiting for child threads to terminate...
[26/Nov/2017:12:08:50] ENGINE Listening for SIGTERM.
[26/Nov/2017:12:08:50] ENGINE Listening for SIGHUP.
[26/Nov/2017:12:08:50] ENGINE Listening for SIGUSR1.
[26/Nov/2017:12:08:50] ENGINE Bus STARTING
[26/Nov/2017:12:08:50] ENGINE Started monitor thread 'Autoreloader'.
[26/Nov/2017:12:08:51] ENGINE Serving on http://0.0.0.0:8080
[26/Nov/2017:12:08:51] ENGINE Bus STARTED
[26/Nov/2017:12:30:18] ENGINE Restarting because /home/david/Work/mmeds-meta/server/upload.py changed.
[26/Nov/2017:12:30:18] ENGINE Stopped thread 'Autoreloader'.
[26/Nov/2017:12:30:18] ENGINE Bus STOPPING
[26/Nov/2017:12:30:18] ENGINE HTTP Server cherrypy._cpwsgi_server.CPWSGIServer(('0.0.0.0', 8080)) shut down
[26/Nov/2017:12:30:18] ENGINE Bus STOPPED
[26/Nov/2017:12:30:18] ENGINE Bus EXITING
[26/Nov/2017:12:30:18] ENGINE Bus EXITED
[26/Nov/2017:12:30:18] ENGINE Waiting for child threads to terminate...
[26/Nov/2017:12:30:18] ENGINE Re-spawning python upload.py
[26/Nov/2017:12:30:18] ENGINE Listening for SIGTERM.
[26/Nov/2017:12:30:18] ENGINE Listening for SIGHUP.
[26/Nov/2017:12:30:18] ENGINE Listening for SIGUSR1.
[26/Nov/2017:12:30:18] ENGINE Bus STARTING
[26/Nov/2017:12:30:18] ENGINE Started monitor thread 'Autoreloader'.
[26/Nov/2017:12:30:18] ENGINE Serving on http://0.0.0.0:8080
[26/Nov/2017:12:30:18] ENGINE Bus STARTED
[27/Nov/2017:08:08:24] ENGINE Listening for SIGTERM.
[27/Nov/2017:08:08:24] ENGINE Listening for SIGHUP.
[27/Nov/2017:08:08:24] ENGINE Listening for SIGUSR1.
[27/Nov/2017:08:08:24] ENGINE Bus STARTING
[27/Nov/2017:08:08:24] ENGINE Started monitor thread 'Autoreloader'.
[27/Nov/2017:08:08:24] ENGINE Serving on http://0.0.0.0:8080
[27/Nov/2017:08:08:24] ENGINE Bus STARTED
[27/Nov/2017:08:08:38] ENGINE Keyboard Interrupt: shutting down bus
[27/Nov/2017:08:08:38] ENGINE Bus STOPPING
[27/Nov/2017:08:08:39] ENGINE HTTP Server cherrypy._cpwsgi_server.CPWSGIServer(('0.0.0.0', 8080)) shut down
[27/Nov/2017:08:08:39] ENGINE Stopped thread 'Autoreloader'.
[27/Nov/2017:08:08:39] ENGINE Bus STOPPED
[27/Nov/2017:08:08:39] ENGINE Bus EXITING
[27/Nov/2017:08:08:39] ENGINE Bus EXITED
[27/Nov/2017:08:08:39] ENGINE Waiting for child threads to terminate...
[27/Nov/2017:08:08:39] ENGINE Waiting for thread CP Server Thread-4.
[27/Nov/2017:08:09:02] ENGINE Listening for SIGTERM.
[27/Nov/2017:08:09:02] ENGINE Listening for SIGHUP.
[27/Nov/2017:08:09:02] ENGINE Listening for SIGUSR1.
[27/Nov/2017:08:09:02] ENGINE Bus STARTING
[27/Nov/2017:08:09:02] ENGINE Started monitor thread 'Autoreloader'.
[27/Nov/2017:08:09:02] ENGINE Serving on http://0.0.0.0:8080
[27/Nov/2017:08:09:02] ENGINE Bus STARTED
[27/Nov/2017:08:31:37] HTTP 
Traceback (most recent call last):
  File "/home/david/anaconda3/envs/mmeds/lib/python3.6/site-packages/cherrypy/_cprequest.py", line 631, in respond
    self._do_respond(path_info)
  File "/home/david/anaconda3/envs/mmeds/lib/python3.6/site-packages/cherrypy/_cprequest.py", line 690, in _do_respond
    response.body = self.handler()
  File "/home/david/anaconda3/envs/mmeds/lib/python3.6/site-packages/cherrypy/lib/encoding.py", line 221, in __call__
    self.body = self.oldhandler(*args, **kwargs)
  File "/home/david/anaconda3/envs/mmeds/lib/python3.6/site-packages/cherrypy/_cpdispatch.py", line 60, in __call__
    return self.callable(*self.args, **self.kwargs)
  File "upload.py", line 29, in upload
    data = myFile.file.read(8192)
AttributeError: 'NoneType' object has no attribute 'read'
[27/Nov/2017:08:31:37] HTTP 
Request Headers:
  Remote-Addr: 127.0.0.1
  HOST: localhost:8080
  USER-AGENT: Mozilla/5.0 (X11; Linux x86_64; rv:57.0) Gecko/20100101 Firefox/57.0
  ACCEPT: text/html,application/xhtml+xml,application/xml;q=0.9,*/*;q=0.8
  ACCEPT-LANGUAGE: en-US,en;q=0.5
  ACCEPT-ENCODING: gzip, deflate
  REFERER: http://localhost:8080/login
  COOKIE: username-localhost-8888="2|1:0|10:1509473559|23:username-localhost-8888|44:MGVlZGFmYTdkZDk3NGYwN2ExNDMwMWI5YzQ1NWE2NjE=|7905bcb1f978f590a2e2df3ad92100791b3bd5ba1c5490310ca5d3aa83f46acf"; csrftoken=UmYuR5VmTX7EjS3zGPm2x6zM952sOeKFy9fgbOFHTMsCLv68sgRDy4VCqbrQMMbn
  CONNECTION: keep-alive
  UPGRADE-INSECURE-REQUESTS: 1
  Content-Type: multipart/form-data; boundary=---------------------------14218519401460051499616570639
  Content-Length: 226
[27/Nov/2017:08:54:51] ENGINE Keyboard Interrupt: shutting down bus
[27/Nov/2017:08:54:51] ENGINE Bus STOPPING
[27/Nov/2017:08:54:51] ENGINE HTTP Server cherrypy._cpwsgi_server.CPWSGIServer(('0.0.0.0', 8080)) shut down
[27/Nov/2017:08:54:51] ENGINE Stopped thread 'Autoreloader'.
[27/Nov/2017:08:54:51] ENGINE Bus STOPPED
[27/Nov/2017:08:54:51] ENGINE Bus EXITING
[27/Nov/2017:08:54:51] ENGINE Bus EXITED
[27/Nov/2017:08:54:51] ENGINE Waiting for child threads to terminate...
